[0mGET /users/sign-in [36m304[0m 75.183 ms - -[0m
[0mPOST /users/create-session [36m302[0m 36.421 ms - 46[0m
[0mGET / [32m200[0m 79.377 ms - 9704[0m
[0mGET / [32m200[0m 262.722 ms - 8250[0m
[0mPOST /admin/setReviews [36m302[0m 26.094 ms - 88[0m
[0mGET / [32m200[0m 50.180 ms - 9088[0m
[0mPOST /admin/setReviews [36m302[0m 30.716 ms - 88[0m
[0mGET / [32m200[0m 37.374 ms - 9677[0m
[0mGET /reviews/newReview/651668e37b320e5ae3b9e199?newReview=abc [36m302[0m 25.253 ms - 46[0m
[0mGET / [32m200[0m 35.119 ms - 8850[0m
[0mGET /users/sign-out [36m302[0m 18.198 ms - 72[0m
[0mGET /users/sign-in [32m200[0m 9.608 ms - 3260[0m
[0mPOST /users/create-session [36m302[0m 15.289 ms - 46[0m
[0mGET / [32m200[0m 25.749 ms - 4837[0m
[0mGET /users/sign-out [36m302[0m 38.366 ms - 72[0m
[0mGET /users/sign-in [36m304[0m 18.667 ms - -[0m
[0mPOST /users/create-session [36m302[0m 13.747 ms - 46[0m
[0mGET / [32m200[0m 41.453 ms - 9104[0m
[0mGET /reviews/newReview/65107b4b2ec67e3433803a6e?newReview=dasd [36m302[0m 38.566 ms - 46[0m
[0mGET / [32m200[0m 28.300 ms - 8250[0m
[0mGET /admin/view-employee [32m200[0m 57.948 ms - 7242[0m
[0mGET /admin/add-employee [32m200[0m 21.556 ms - 7384[0m
[0mGET /users/sign-out [36m302[0m 24.074 ms - 72[0m
[0mGET /users/sign-in [36m304[0m 6.085 ms - -[0m
